<?xml version="1.0" encoding="UTF-8"?>
<!-- Generated by org.testng.reporters.JUnitReportReporter -->
<testsuite hostname="Mohd3688" name="TestCases.OtherModulesTests.NewsFeedsTests" tests="2" failures="0" timestamp="4 May 2016 10:41:37 GMT" time="25.427" errors="0">
  <testcase name="verifyNavigateToNewsFeedsPage" time="8.985" classname="TestCases.OtherModulesTests.NewsFeedsTests"/>
  <testcase name="verifyAddNewsFeed" time="16.442" classname="TestCases.OtherModulesTests.NewsFeedsTests"/>
</testsuite> <!-- TestCases.OtherModulesTests.NewsFeedsTests -->
