<?xml version="1.0" encoding="UTF-8"?>
<!-- Generated by org.testng.reporters.JUnitReportReporter -->
<testsuite hostname="Mohd3688" name="TestCases.LoginTests" tests="2" failures="0" timestamp="9 May 2016 09:55:36 GMT" time="32.055" errors="0">
  <testcase name="micrositeSelection" time="12.784" classname="TestCases.LoginTests"/>
  <testcase name="successfulloginTest" time="19.271" classname="TestCases.LoginTests"/>
</testsuite> <!-- TestCases.LoginTests -->
